<?xml version="1.0" encoding="UTF-8"?>
<!-- Generated by org.testng.reporters.JUnitReportReporter -->
<testsuite hostname="SUD" failures="0" tests="4" name="demo.EcommerceAPITest" time="6.807" errors="0" timestamp="2025-06-30T18:16:50 IST" skipped="0">
  <testcase classname="demo.EcommerceAPITest" name="login" time="4.433"/>
  <testcase classname="demo.EcommerceAPITest" name="addProduct" time="1.886"/>
  <testcase classname="demo.EcommerceAPITest" name="placeOrder" time="0.178"/>
  <testcase classname="demo.EcommerceAPITest" name="deleteProduct" time="0.310"/>
</testsuite> <!-- demo.EcommerceAPITest -->
