<?xml version="1.0" encoding="UTF-8"?>
<!-- Generated by org.testng.reporters.JUnitReportReporter -->
<testsuite hostname="SUD" failures="0" tests="1" name="demo.OAuthTest" time="5.047" errors="0" timestamp="2025-06-29T19:45:47 IST" skipped="0">
  <testcase classname="demo.OAuthTest" name="getBookDetails" time="5.047"/>
</testsuite> <!-- demo.OAuthTest -->
