<?xml version="1.0" encoding="UTF-8"?>
<!-- Generated by org.testng.reporters.JUnitReportReporter -->
<testsuite hostname="SUD" failures="0" tests="1" name="demo.SerializeTest" time="6.379" errors="0" timestamp="2025-06-30T14:34:51 IST" skipped="0">
  <testcase classname="demo.SerializeTest" name="serialise" time="6.379"/>
</testsuite> <!-- demo.SerializeTest -->
