<?xml version="1.0" encoding="UTF-8"?>
<!-- Generated by org.testng.reporters.JUnitReportReporter -->
<testsuite hostname="SUD" failures="0" tests="1" name="demo.OAuthTestPojoDeSserialisation" time="5.140" errors="0" timestamp="2025-06-30T13:21:42 IST" skipped="0">
  <testcase classname="demo.OAuthTestPojoDeSserialisation" name="getBookDetails" time="5.140"/>
</testsuite> <!-- demo.OAuthTestPojoDeSserialisation -->
