<?xml version="1.0" encoding="UTF-8"?>
<!-- Generated by org.testng.reporters.JUnitReportReporter -->
<testsuite hostname="SUD" failures="0" tests="1" name="demo.SpecBuilder" time="7.829" errors="0" timestamp="2025-06-30T15:29:38 IST" skipped="0">
  <testcase classname="demo.SpecBuilder" name="serialise" time="7.829"/>
</testsuite> <!-- demo.SpecBuilder -->
