<?xml version="1.0" encoding="UTF-8"?>
<!-- Generated by org.testng.reporters.JUnitReportReporter -->
<testsuite hostname="SUD" failures="0" tests="3" name="files.DynamicJson" time="5.478" errors="0" timestamp="2025-06-24T17:17:10 IST" skipped="0">
  <testcase classname="files.DynamicJson" name="addBook" time="4.955"/>
  <testcase classname="files.DynamicJson" name="addBook" time="0.205"/>
  <testcase classname="files.DynamicJson" name="addBook" time="0.318"/>
</testsuite> <!-- files.DynamicJson -->
